Education/android/app/build/intermediates/manifest_merge_blame_file/debug/manifest-merger-blame-debug-report.txt
1<?xml version="1.0" encoding="utf-8"?>
2<manifest xmlns:android="http://schemas.android.com/apk/res/android"
3    package="com.education"
4    android:versionCode="1"
5    android:versionName="1.0" >
6
7    <uses-sdk
8        android:minSdkVersion="16"
9        android:targetSdkVersion="28" />
10
11    <uses-permission android:name="android.permission.SYSTEM_ALERT_WINDOW" />
11-->src\debug\AndroidManifest.xml:5:5-77
11-->src\debug\AndroidManifest.xml:5:22-75
12    <uses-permission android:name="android.permission.INTERNET" />
12-->src\main\AndroidManifest.xml:5:5-67
12-->src\main\AndroidManifest.xml:5:22-64
13    <uses-permission android:name="android.permission.WAKE_LOCK" />
13-->[:react-native-firebase] AndroidManifest.xml:12:5-68
13-->[:react-native-firebase] AndroidManifest.xml:12:22-65
14    <uses-permission android:name="android.permission.ACCESS_NETWORK_STATE" />
14-->[:react-native-firebase] AndroidManifest.xml:13:5-79
14-->[:react-native-firebase] AndroidManifest.xml:13:22-76
15    <uses-permission android:name="com.google.android.finsky.permission.BIND_GET_INSTALL_REFERRER_SERVICE" /> <!-- Required by older versions of Google Play services to create IID tokens -->
15-->[com.google.android.gms:play-services-measurement:17.2.1] AndroidManifest.xml:26:5-110
15-->[com.google.android.gms:play-services-measurement:17.2.1] AndroidManifest.xml:26:22-107
16    <uses-permission android:name="com.google.android.c2dm.permission.RECEIVE" />
16-->[com.google.firebase:firebase-iid:20.0.1] AndroidManifest.xml:26:5-82
16-->[com.google.firebase:firebase-iid:20.0.1] AndroidManifest.xml:26:22-79
17
18    <application
18-->src\main\AndroidManifest.xml:7:5-36:19
19        android:name="com.education.MainApplication"
19-->src\main\AndroidManifest.xml:8:9-40
20        android:allowBackup="false"
20-->src\main\AndroidManifest.xml:9:9-36
21        android:appComponentFactory="androidx.core.app.CoreComponentFactory"
21-->[androidx.core:core:1.0.1] AndroidManifest.xml:22:18-86
22        android:debuggable="true"
23        android:icon="@mipmap/ic_launcher"
23-->src\main\AndroidManifest.xml:10:9-43
24        android:label="@string/app_name"
24-->src\main\AndroidManifest.xml:11:9-41
25        android:roundIcon="@mipmap/ic_launcher_round"
25-->src\main\AndroidManifest.xml:14:9-54
26        android:supportsRtl="true"
26-->[:react-native-spinkit] AndroidManifest.xml:11:9-35
27        android:theme="@style/AppTheme"
27-->src\main\AndroidManifest.xml:15:9-40
28        android:usesCleartextTraffic="true" >
28-->src\main\AndroidManifest.xml:16:9-44
29        <activity
29-->src\main\AndroidManifest.xml:17:9-26:20
30            android:name="com.education.MainActivity"
30-->src\main\AndroidManifest.xml:18:13-41
31            android:configChanges="keyboard|keyboardHidden|orientation|screenSize"
31-->src\main\AndroidManifest.xml:19:13-83
32            android:label="@string/app_name"
32-->src\main\AndroidManifest.xml:20:13-45
33            android:windowSoftInputMode="adjustResize" >
33-->src\main\AndroidManifest.xml:21:13-55
34            <intent-filter>
34-->src\main\AndroidManifest.xml:22:13-25:29
35                <action android:name="android.intent.action.MAIN" />
35-->src\main\AndroidManifest.xml:23:17-69
35-->src\main\AndroidManifest.xml:23:25-66
36
37                <category android:name="android.intent.category.LAUNCHER" />
37-->src\main\AndroidManifest.xml:24:17-77
37-->src\main\AndroidManifest.xml:24:27-74
38            </intent-filter>
39        </activity>
40        <activity android:name="com.facebook.react.devsupport.DevSettingsActivity" />
40-->src\main\AndroidManifest.xml:27:9-86
40-->src\main\AndroidManifest.xml:27:19-83
41
42        <service
42-->src\main\AndroidManifest.xml:28:9-34:19
43            android:name="io.invertase.firebase.messaging.RNFirebaseMessagingService"
43-->src\main\AndroidManifest.xml:29:13-86
44            android:exported="false" >
44-->src\main\AndroidManifest.xml:30:13-37
45            <intent-filter>
45-->src\main\AndroidManifest.xml:31:13-33:29
46                <action android:name="com.google.firebase.MESSAGING_EVENT" />
46-->src\main\AndroidManifest.xml:32:17-78
46-->src\main\AndroidManifest.xml:32:25-75
47            </intent-filter>
48        </service>
49        <service
49-->[:react-native-firebase] AndroidManifest.xml:16:9-20:19
50            android:name="com.google.firebase.components.ComponentDiscoveryService"
50-->[:react-native-firebase] AndroidManifest.xml:16:18-89
51            android:directBootAware="true"
51-->[com.google.firebase:firebase-common:19.2.0] AndroidManifest.xml:15:13-43
52            android:exported="false" >
52-->[com.google.android.gms:play-services-measurement-api:17.2.1] AndroidManifest.xml:29:13-37
53            <meta-data
53-->[:react-native-firebase] AndroidManifest.xml:17:13-19:85
54                android:name="com.google.firebase.components:io.invertase.firebase.ReactNativeFirebaseAppRegistrar"
54-->[:react-native-firebase] AndroidManifest.xml:18:17-116
55                android:value="com.google.firebase.components.ComponentRegistrar" />
55-->[:react-native-firebase] AndroidManifest.xml:19:17-82
56            <meta-data
56-->[com.google.android.gms:play-services-measurement-api:17.2.1] AndroidManifest.xml:30:13-32:85
57                android:name="com.google.firebase.components:com.google.firebase.analytics.connector.internal.AnalyticsConnectorRegistrar"
57-->[com.google.android.gms:play-services-measurement-api:17.2.1] AndroidManifest.xml:31:17-139
58                android:value="com.google.firebase.components.ComponentRegistrar" />
58-->[com.google.android.gms:play-services-measurement-api:17.2.1] AndroidManifest.xml:32:17-82
59            <meta-data
59-->[com.google.firebase:firebase-iid:20.0.1] AndroidManifest.xml:32:13-34:85
60                android:name="com.google.firebase.components:com.google.firebase.iid.Registrar"
60-->[com.google.firebase:firebase-iid:20.0.1] AndroidManifest.xml:33:17-96
61                android:value="com.google.firebase.components.ComponentRegistrar" />
61-->[com.google.firebase:firebase-iid:20.0.1] AndroidManifest.xml:34:17-82
62        </service>
63        <!--
64             FirebaseMessagingService performs security checks at runtime,
65             but set to not exported to explicitly avoid allowing another app to call it.
66        -->
67        <service
67-->[com.google.firebase:firebase-messaging:20.0.1] AndroidManifest.xml:28:9-34:19
68            android:name="com.google.firebase.messaging.FirebaseMessagingService"
68-->[com.google.firebase:firebase-messaging:20.0.1] AndroidManifest.xml:29:13-82
69            android:exported="false" >
69-->[com.google.firebase:firebase-messaging:20.0.1] AndroidManifest.xml:30:13-37
70            <intent-filter android:priority="-500" >
70-->src\main\AndroidManifest.xml:31:13-33:29
71                <action android:name="com.google.firebase.MESSAGING_EVENT" />
71-->src\main\AndroidManifest.xml:32:17-78
71-->src\main\AndroidManifest.xml:32:25-75
72            </intent-filter>
73        </service>
74
75        <receiver
75-->[com.google.android.gms:play-services-measurement:17.2.1] AndroidManifest.xml:29:9-33:20
76            android:name="com.google.android.gms.measurement.AppMeasurementReceiver"
76-->[com.google.android.gms:play-services-measurement:17.2.1] AndroidManifest.xml:30:13-85
77            android:enabled="true"
77-->[com.google.android.gms:play-services-measurement:17.2.1] AndroidManifest.xml:31:13-35
78            android:exported="false" >
78-->[com.google.android.gms:play-services-measurement:17.2.1] AndroidManifest.xml:32:13-37
79        </receiver>
80        <receiver
80-->[com.google.android.gms:play-services-measurement:17.2.1] AndroidManifest.xml:34:9-42:20
81            android:name="com.google.android.gms.measurement.AppMeasurementInstallReferrerReceiver"
81-->[com.google.android.gms:play-services-measurement:17.2.1] AndroidManifest.xml:35:13-100
82            android:enabled="true"
82-->[com.google.android.gms:play-services-measurement:17.2.1] AndroidManifest.xml:36:13-35
83            android:exported="true"
83-->[com.google.android.gms:play-services-measurement:17.2.1] AndroidManifest.xml:37:13-36
84            android:permission="android.permission.INSTALL_PACKAGES" >
84-->[com.google.android.gms:play-services-measurement:17.2.1] AndroidManifest.xml:38:13-69
85            <intent-filter>
85-->[com.google.android.gms:play-services-measurement:17.2.1] AndroidManifest.xml:39:13-41:29
86                <action android:name="com.android.vending.INSTALL_REFERRER" />
86-->[com.google.android.gms:play-services-measurement:17.2.1] AndroidManifest.xml:40:17-79
86-->[com.google.android.gms:play-services-measurement:17.2.1] AndroidManifest.xml:40:25-76
87            </intent-filter>
88        </receiver>
89
90        <service
90-->[com.google.android.gms:play-services-measurement:17.2.1] AndroidManifest.xml:44:9-47:40
91            android:name="com.google.android.gms.measurement.AppMeasurementService"
91-->[com.google.android.gms:play-services-measurement:17.2.1] AndroidManifest.xml:45:13-84
92            android:enabled="true"
92-->[com.google.android.gms:play-services-measurement:17.2.1] AndroidManifest.xml:46:13-35
93            android:exported="false" />
93-->[com.google.android.gms:play-services-measurement:17.2.1] AndroidManifest.xml:47:13-37
94        <service
94-->[com.google.android.gms:play-services-measurement:17.2.1] AndroidManifest.xml:48:9-52:72
95            android:name="com.google.android.gms.measurement.AppMeasurementJobService"
95-->[com.google.android.gms:play-services-measurement:17.2.1] AndroidManifest.xml:49:13-87
96            android:enabled="true"
96-->[com.google.android.gms:play-services-measurement:17.2.1] AndroidManifest.xml:50:13-35
97            android:exported="false"
97-->[com.google.android.gms:play-services-measurement:17.2.1] AndroidManifest.xml:51:13-37
98            android:permission="android.permission.BIND_JOB_SERVICE" />
98-->[com.google.android.gms:play-services-measurement:17.2.1] AndroidManifest.xml:52:13-69
99
100        <receiver
100-->[com.google.firebase:firebase-iid:20.0.1] AndroidManifest.xml:37:9-44:20
101            android:name="com.google.firebase.iid.FirebaseInstanceIdReceiver"
101-->[com.google.firebase:firebase-iid:20.0.1] AndroidManifest.xml:38:13-78
102            android:exported="true"
102-->[com.google.firebase:firebase-iid:20.0.1] AndroidManifest.xml:39:13-36
103            android:permission="com.google.android.c2dm.permission.SEND" >
103-->[com.google.firebase:firebase-iid:20.0.1] AndroidManifest.xml:40:13-73
104            <intent-filter>
104-->[com.google.firebase:firebase-iid:20.0.1] AndroidManifest.xml:41:13-43:29
105                <action android:name="com.google.android.c2dm.intent.RECEIVE" />
105-->[com.google.firebase:firebase-iid:20.0.1] AndroidManifest.xml:42:17-81
105-->[com.google.firebase:firebase-iid:20.0.1] AndroidManifest.xml:42:25-78
106            </intent-filter>
107        </receiver>
108
109        <provider
109-->[com.google.firebase:firebase-common:19.2.0] AndroidManifest.xml:19:9-23:39
110            android:name="com.google.firebase.provider.FirebaseInitProvider"
110-->[com.google.firebase:firebase-common:19.2.0] AndroidManifest.xml:20:13-77
111            android:authorities="com.education.firebaseinitprovider"
111-->[com.google.firebase:firebase-common:19.2.0] AndroidManifest.xml:21:13-72
112            android:exported="false"
112-->[com.google.firebase:firebase-common:19.2.0] AndroidManifest.xml:22:13-37
113            android:initOrder="100" />
113-->[com.google.firebase:firebase-common:19.2.0] AndroidManifest.xml:23:13-36
114
115        <activity
115-->[com.google.android.gms:play-services-base:17.0.0] AndroidManifest.xml:23:9-26:75
116            android:name="com.google.android.gms.common.api.GoogleApiActivity"
116-->[com.google.android.gms:play-services-base:17.0.0] AndroidManifest.xml:24:13-79
117            android:exported="false"
117-->[com.google.android.gms:play-services-base:17.0.0] AndroidManifest.xml:25:13-37
118            android:theme="@android:style/Theme.Translucent.NoTitleBar" />
118-->[com.google.android.gms:play-services-base:17.0.0] AndroidManifest.xml:26:13-72
119
120        <meta-data
120-->[com.google.android.gms:play-services-basement:17.0.0] AndroidManifest.xml:23:9-25:69
121            android:name="com.google.android.gms.version"
121-->[com.google.android.gms:play-services-basement:17.0.0] AndroidManifest.xml:24:13-58
122            android:value="@integer/google_play_services_version" />
122-->[com.google.android.gms:play-services-basement:17.0.0] AndroidManifest.xml:25:13-66
123    </application>
124
125</manifest>